<?xml version="1.0" encoding="UTF-8"?>
<!-- Generated by org.testng.reporters.JUnitXMLReporter -->
<testsuite ignored="0" hostname="LAPTOP-VHN20HQL" failures="0" tests="2" name="Default test" time="46.745" errors="0" timestamp="2025-01-10T16:19:09 IST">
  <testcase classname="com.MyStore.Test_Cases.TC_Verify_Buy_Product_TestCase" name="verifyBuyProduct" time="32.145"/>
  <testcase classname="com.MyStore.Test_Cases.TC_Verify_Buy_Product_TestCase" name="VerifySignOut" time="3.843"/>
</testsuite> <!-- Default test -->
