<?xml version="1.0" encoding="UTF-8"?>
<!-- Generated by org.testng.reporters.JUnitXMLReporter -->
<testsuite ignored="0" hostname="LAPTOP-VHN20HQL" failures="0" tests="3" name="TestOnChrome" time="67.064" errors="0" timestamp="2025-01-10T16:21:54 IST">
  <testcase classname="com.MyStore.Test_Cases.TC_MyAccount_Page_TestCase" name="verifyRegisterUserLoginOrNot" time="12.803"/>
  <testcase classname="com.MyStore.Test_Cases.TC_Verify_Buy_Product_TestCase" name="verifyBuyProduct" time="32.584"/>
  <testcase classname="com.MyStore.Test_Cases.TC_Verify_Buy_Product_TestCase" name="VerifySignOut" time="5.601"/>
</testsuite> <!-- TestOnChrome -->
