<?xml version="1.0" encoding="UTF-8"?>
<testsuite xmlns:xsi="http://www.w3.org/2001/XMLSchema-instance" xsi:noNamespaceSchemaLocation="https://maven.apache.org/surefire/maven-surefire-plugin/xsd/surefire-test-report-3.0.xsd" version="3.0" name="TestSuite" time="67.797" tests="3" errors="0" skipped="0" failures="0">
  <properties>
[...]
</properties>
  <testcase name="verifyRegisterUserLoginOrNot" classname="com.MyStore.Test_Cases.TC_MyAccount_Page_TestCase" time="12.823">
    <system-out><![CDATA[On Start Method Invoked...
[INFO ] 2025-01-10 16:20:53.045 [main] CodeStudio_Project - My Store Is URL Opened
Name Of Test Mehtod Started : verifyRegisterUserLoginOrNot
[INFO ] 2025-01-10 16:20:53.059 [main] CodeStudio_Project - verifyRegisterUserLoginOrNot Test Excuted Will Started...... 
[INFO ] 2025-01-10 16:21:01.544 [main] CodeStudio_Project - Click On Sign In Link 
[INFO ] 2025-01-10 16:21:01.666 [main] CodeStudio_Project - Enter Register Email Id  
[INFO ] 2025-01-10 16:21:01.786 [main] CodeStudio_Project - Enter Password
[INFO ] 2025-01-10 16:21:03.507 [main] CodeStudio_Project - Click Register Sign In Button  
[INFO ] 2025-01-10 16:21:03.560 [main] CodeStudio_Project - verifyRegisterUserLogin- Passed
Name Of Test Mehtod Succuessfully executed : verifyRegisterUserLoginOrNot
]]></system-out>
    <system-err><![CDATA[log4j:WARN No appenders could be found for logger (io.github.bonigarcia.wdm.cache.ResolutionCache).
log4j:WARN Please initialize the log4j system properly.
log4j:WARN See http://logging.apache.org/log4j/1.2/faq.html#noconfig for more info.
Jan 10, 2025 4:20:47 PM org.openqa.selenium.remote.service.DriverService$Builder getLogOutput
INFO: Driver logs no longer sent to console by default; https://www.selenium.dev/documentation/webdriver/drivers/service/#setting-log-output
Jan 10, 2025 4:20:48 PM org.openqa.selenium.devtools.CdpVersionFinder findNearestMatch
WARNING: Unable to find CDP implementation matching 131
Jan 10, 2025 4:20:48 PM org.openqa.selenium.chromium.ChromiumDriver lambda$new$4
WARNING: Unable to find version of CDP to use for . You may need to include a dependency on a specific version of the CDP using something similar to `org.seleniumhq.selenium:selenium-devtools-v86:4.10.0` where the version ("v86") matches the version of the chromium-based browser you're using and the version number of the artifact is the same as Selenium's.
]]></system-err>
  </testcase>
  <testcase name="verifyBuyProduct" classname="com.MyStore.Test_Cases.TC_Verify_Buy_Product_TestCase" time="32.577">
    <system-out><![CDATA[[INFO ] 2025-01-10 16:21:15.823 [main] CodeStudio_Project - My Store Is URL Opened
Name Of Test Mehtod Started : verifyBuyProduct
[INFO ] 2025-01-10 16:21:15.824 [main] CodeStudio_Project - ---------------- Test Case Of Buy Product Started ------
[INFO ] 2025-01-10 16:21:18.070 [main] CodeStudio_Project - Enter email and password for alredy register
[INFO ] 2025-01-10 16:21:19.832 [main] CodeStudio_Project -  Click On Sign In Btn
[INFO ] 2025-01-10 16:21:21.675 [main] CodeStudio_Project -  Search Product 
[INFO ] 2025-01-10 16:21:23.743 [main] CodeStudio_Project -  Click On Search Button
[INFO ] 2025-01-10 16:21:23.935 [main] CodeStudio_Project - size M entered
[INFO ] 2025-01-10 16:21:24.202 [main] CodeStudio_Project - Quantity is entered
[INFO ] 2025-01-10 16:21:24.373 [main] CodeStudio_Project - Click on Add To Cart Option
[INFO ] 2025-01-10 16:21:27.000 [main] CodeStudio_Project - Click on Proceed to Check Out
[INFO ] 2025-01-10 16:21:27.000 [main] CodeStudio_Project -  Product Details
[INFO ] 2025-01-10 16:21:28.395 [main] CodeStudio_Project - Click on Proceed to Check Out of Order Summary Page
[INFO ] 2025-01-10 16:21:29.657 [main] CodeStudio_Project -  Click on Proceed To Check Out For Address
[INFO ] 2025-01-10 16:21:31.071 [main] CodeStudio_Project -  Click on Proceed To Check Out For Shipping
[INFO ] 2025-01-10 16:21:32.341 [main] CodeStudio_Project -  Click on Pay To Check
[INFO ] 2025-01-10 16:21:42.796 [main] CodeStudio_Project -  Click on Confirm Order 
[INFO ] 2025-01-10 16:21:45.854 [main] CodeStudio_Project - Your order on My Shop is complete.
[INFO ] 2025-01-10 16:21:45.854 [main] CodeStudio_Project - VerifyBuyProduct - Passed
[INFO ] 2025-01-10 16:21:48.406 [main] CodeStudio_Project - ***************TestCase BuyProduct ends*****************
Name Of Test Mehtod Succuessfully executed : verifyBuyProduct
]]></system-out>
    <system-err><![CDATA[Jan 10, 2025 4:21:05 PM org.openqa.selenium.remote.service.DriverService$Builder getLogOutput
INFO: Driver logs no longer sent to console by default; https://www.selenium.dev/documentation/webdriver/drivers/service/#setting-log-output
Jan 10, 2025 4:21:06 PM org.openqa.selenium.devtools.CdpVersionFinder findNearestMatch
WARNING: Unable to find CDP implementation matching 131
Jan 10, 2025 4:21:06 PM org.openqa.selenium.chromium.ChromiumDriver lambda$new$4
WARNING: Unable to find version of CDP to use for . You may need to include a dependency on a specific version of the CDP using something similar to `org.seleniumhq.selenium:selenium-devtools-v86:4.10.0` where the version ("v86") matches the version of the chromium-based browser you're using and the version number of the artifact is the same as Selenium's.
]]></system-err>
  </testcase>
  <testcase name="VerifySignOut" classname="com.MyStore.Test_Cases.TC_Verify_Buy_Product_TestCase" time="5.6">
    <system-out><![CDATA[Name Of Test Mehtod Started : VerifySignOut
[INFO ] 2025-01-10 16:21:48.410 [main] CodeStudio_Project - ---------------- Test Case Of Verify Sign Out  Started ------
[INFO ] 2025-01-10 16:21:49.955 [main] CodeStudio_Project - ---------------- Click on Sign In Link ------
[INFO ] 2025-01-10 16:21:50.105 [main] CodeStudio_Project - Enter email and password for alredy register
[INFO ] 2025-01-10 16:21:52.059 [main] CodeStudio_Project -  Click On Sign In Btn
[INFO ] 2025-01-10 16:21:54.010 [main] CodeStudio_Project - VerifySignOut - Passed
Name Of Test Mehtod Succuessfully executed : VerifySignOut
]]></system-out>
  </testcase>
</testsuite>