<?xml version="1.0" encoding="UTF-8"?>
<testng-results ignored="0" total="3" passed="3" failed="0" skipped="0">
  <reporter-output>
  </reporter-output>
  <suite started-at="2025-01-10T16:20:46 IST" name="Suite" finished-at="2025-01-10T16:21:54 IST" duration-ms="67064">
    <groups>
    </groups>
    <test started-at="2025-01-10T16:20:46 IST" name="TestOnChrome" finished-at="2025-01-10T16:21:54 IST" duration-ms="67064">
      <class name="com.MyStore.Test_Cases.TC_Verify_Buy_Product_TestCase">
        <test-method is-config="true" signature="setUp()[pri:0, instance:com.MyStore.Test_Cases.TC_Verify_Buy_Product_TestCase@55634720]" started-at="2025-01-10T16:21:05 IST" name="setUp" finished-at="2025-01-10T16:21:15 IST" duration-ms="9945" status="PASS">
          <reporter-output>
          </reporter-output>
        </test-method> <!-- setUp -->
        <test-method signature="verifyBuyProduct()[pri:1, instance:com.MyStore.Test_Cases.TC_Verify_Buy_Product_TestCase@55634720]" started-at="2025-01-10T16:21:15 IST" name="verifyBuyProduct" finished-at="2025-01-10T16:21:48 IST" duration-ms="32584" status="PASS">
          <reporter-output>
          </reporter-output>
        </test-method> <!-- verifyBuyProduct -->
        <test-method signature="VerifySignOut()[pri:2, instance:com.MyStore.Test_Cases.TC_Verify_Buy_Product_TestCase@55634720]" started-at="2025-01-10T16:21:48 IST" name="VerifySignOut" finished-at="2025-01-10T16:21:54 IST" duration-ms="5601" status="PASS">
          <reporter-output>
          </reporter-output>
        </test-method> <!-- VerifySignOut -->
      </class> <!-- com.MyStore.Test_Cases.TC_Verify_Buy_Product_TestCase -->
      <class name="com.MyStore.Test_Cases.TC_MyAccount_Page_TestCase">
        <test-method is-config="true" signature="setUp()[pri:0, instance:com.MyStore.Test_Cases.TC_MyAccount_Page_TestCase@54a7079e]" started-at="2025-01-10T16:20:47 IST" name="setUp" finished-at="2025-01-10T16:20:53 IST" duration-ms="5883" status="PASS">
          <reporter-output>
          </reporter-output>
        </test-method> <!-- setUp -->
        <test-method signature="verifyRegisterUserLoginOrNot()[pri:0, instance:com.MyStore.Test_Cases.TC_MyAccount_Page_TestCase@54a7079e]" started-at="2025-01-10T16:20:53 IST" name="verifyRegisterUserLoginOrNot" finished-at="2025-01-10T16:21:05 IST" duration-ms="12803" status="PASS">
          <reporter-output>
          </reporter-output>
        </test-method> <!-- verifyRegisterUserLoginOrNot -->
      </class> <!-- com.MyStore.Test_Cases.TC_MyAccount_Page_TestCase -->
    </test> <!-- TestOnChrome -->
  </suite> <!-- Suite -->
</testng-results>
