<?xml version="1.0" encoding="UTF-8"?>
<testng-results ignored="0" total="3" passed="3" failed="0" skipped="0">
  <reporter-output>
  </reporter-output>
  <suite started-at="2025-01-10T16:19:21 IST" name="Suite" finished-at="2025-01-10T16:20:21 IST" duration-ms="60347">
    <groups>
    </groups>
    <test started-at="2025-01-10T16:19:21 IST" name="TestOnChrome" finished-at="2025-01-10T16:20:21 IST" duration-ms="60347">
      <class name="com.MyStore.Test_Cases.TC_Verify_Buy_Product_TestCase">
        <test-method is-config="true" signature="setUp()[pri:0, instance:com.MyStore.Test_Cases.TC_Verify_Buy_Product_TestCase@470734c3]" started-at="2025-01-10T16:19:37 IST" name="setUp" finished-at="2025-01-10T16:19:46 IST" duration-ms="8631" status="PASS">
          <reporter-output>
          </reporter-output>
        </test-method> <!-- setUp -->
        <test-method signature="verifyBuyProduct()[pri:1, instance:com.MyStore.Test_Cases.TC_Verify_Buy_Product_TestCase@470734c3]" started-at="2025-01-10T16:19:46 IST" name="verifyBuyProduct" finished-at="2025-01-10T16:20:17 IST" duration-ms="30905" status="PASS">
          <reporter-output>
          </reporter-output>
        </test-method> <!-- verifyBuyProduct -->
        <test-method signature="VerifySignOut()[pri:2, instance:com.MyStore.Test_Cases.TC_Verify_Buy_Product_TestCase@470734c3]" started-at="2025-01-10T16:20:17 IST" name="VerifySignOut" finished-at="2025-01-10T16:20:21 IST" duration-ms="4661" status="PASS">
          <reporter-output>
          </reporter-output>
        </test-method> <!-- VerifySignOut -->
      </class> <!-- com.MyStore.Test_Cases.TC_Verify_Buy_Product_TestCase -->
      <class name="com.MyStore.Test_Cases.TC_MyAccount_Page_TestCase">
        <test-method is-config="true" signature="setUp()[pri:0, instance:com.MyStore.Test_Cases.TC_MyAccount_Page_TestCase@1530c739]" started-at="2025-01-10T16:19:21 IST" name="setUp" finished-at="2025-01-10T16:19:32 IST" duration-ms="10863" status="PASS">
          <reporter-output>
          </reporter-output>
        </test-method> <!-- setUp -->
        <test-method signature="verifyRegisterUserLoginOrNot()[pri:0, instance:com.MyStore.Test_Cases.TC_MyAccount_Page_TestCase@1530c739]" started-at="2025-01-10T16:19:32 IST" name="verifyRegisterUserLoginOrNot" finished-at="2025-01-10T16:19:37 IST" duration-ms="4843" status="PASS">
          <reporter-output>
          </reporter-output>
        </test-method> <!-- verifyRegisterUserLoginOrNot -->
      </class> <!-- com.MyStore.Test_Cases.TC_MyAccount_Page_TestCase -->
    </test> <!-- TestOnChrome -->
  </suite> <!-- Suite -->
</testng-results>
